\BOOKMARK [0][-]{section*.1}{\376\377\000A\000b\000s\000t\000r\000a\000c\000t}{}% 1
\BOOKMARK [0][-]{section*.2}{\376\377\000I\000n\000h\000a\000l\000t\000s\000v\000e\000r\000z\000e\000i\000c\000h\000n\000i\000s}{}% 2
\BOOKMARK [0][-]{chapter.1}{\376\377\000P\000l\000a\000n\000u\000n\000g}{}% 3
\BOOKMARK [1][-]{section.1.1}{\376\377\000K\000u\000r\000z\000b\000e\000s\000c\000h\000r\000e\000i\000b\000u\000n\000g}{chapter.1}% 4
\BOOKMARK [2][-]{subsection.1.1.1}{\376\377\000C\000o\000c\000k\000t\000a\000i\000l\000m\000a\000s\000c\000h\000i\000n\000e}{section.1.1}% 5
\BOOKMARK [2][-]{subsection.1.1.2}{\376\377\000F\000u\000n\000k\000t\000i\000o\000n\000\040\000d\000e\000r\000\040\000A\000p\000p}{section.1.1}% 6
\BOOKMARK [1][-]{section.1.2}{\376\377\000E\000n\000t\000w\000i\000c\000k\000l\000u\000n\000g\000s\000p\000r\000o\000z\000e\000s\000s}{chapter.1}% 7
\BOOKMARK [1][-]{section.1.3}{\376\377\000T\000e\000a\000m}{chapter.1}% 8
\BOOKMARK [1][-]{section.1.4}{\376\377\000R\000i\000s\000i\000k\000o\000m\000a\000n\000a\000g\000e\000m\000e\000n\000t}{chapter.1}% 9
\BOOKMARK [1][-]{section.1.5}{\376\377\000Z\000e\000i\000t\000p\000l\000a\000n}{chapter.1}% 10
\BOOKMARK [0][-]{chapter.2}{\376\377\000A\000n\000f\000o\000r\000d\000e\000r\000u\000n\000g\000s\000a\000n\000a\000l\000y\000s\000e}{}% 11
\BOOKMARK [1][-]{section.2.1}{\376\377\000\040\000D\000e\000f\000i\000n\000i\000t\000i\000o\000n\000\040\000d\000e\000s\000\040\000Z\000i\000e\000l\000s\000y\000s\000t\000e\000m\000s}{chapter.2}% 12
\BOOKMARK [1][-]{section.2.2}{\376\377\000F\000u\000n\000k\000t\000i\000o\000n\000a\000l\000e\000\040\000A\000n\000f\000o\000r\000d\000e\000r\000u\000n\000g\000e\000n}{chapter.2}% 13
\BOOKMARK [1][-]{section.2.3}{\376\377\000N\000i\000c\000h\000t\000-\000f\000u\000n\000k\000t\000i\000o\000n\000a\000l\000e\000\040\000A\000n\000f\000o\000r\000d\000e\000r\000u\000n\000g\000e\000n}{chapter.2}% 14
\BOOKMARK [0][-]{chapter.3}{\376\377\000E\000n\000t\000w\000u\000r\000f}{}% 15
\BOOKMARK [1][-]{section.3.1}{\376\377\000G\000r\000o\000b\000e\000r\000\040\000E\000n\000t\000w\000u\000r\000f\000\040\000\050\000A\000r\000c\000h\000i\000t\000e\000k\000t\000u\000r\000\051}{chapter.3}% 16
\BOOKMARK [1][-]{section.3.2}{\376\377\000T\000e\000c\000h\000n\000o\000l\000o\000g\000i\000e\000n}{chapter.3}% 17
\BOOKMARK [1][-]{section.3.3}{\376\377\000D\000e\000t\000a\000i\000l\000l\000i\000e\000r\000t\000e\000r\000\040\000E\000n\000t\000w\000u\000r\000f}{chapter.3}% 18
\BOOKMARK [2][-]{subsection.3.3.1}{\376\377\000G\000U\000I\000:\000\040\000\326\000f\000f\000n\000u\000n\000g\000\040\000d\000e\000r\000\040\000A\000p\000p}{section.3.3}% 19
\BOOKMARK [2][-]{subsection.3.3.2}{\376\377\000G\000U\000I\000:\000\040\000K\000e\000i\000n\000e\000\040\000K\000a\000l\000i\000b\000r\000i\000e\000r\000u\000n\000g}{section.3.3}% 20
\BOOKMARK [2][-]{subsection.3.3.3}{\376\377\000G\000U\000I\000:\000\040\000D\000i\000a\000l\000o\000g\000:\000\040\000A\000n\000m\000e\000l\000d\000e\000n}{section.3.3}% 21
\BOOKMARK [2][-]{subsection.3.3.4}{\376\377\000G\000U\000I\000:\000\040\000D\000i\000a\000l\000o\000g\000:\000\040\000A\000u\000t\000o\000m\000a\000t\000i\000s\000c\000h\000e\000\040\000K\000a\000l\000i\000b\000r\000i\000e\000r\000u\000n\000g}{section.3.3}% 22
\BOOKMARK [2][-]{subsection.3.3.5}{\376\377\000G\000U\000I\000:\000\040\000D\000a\000r\000s\000t\000e\000l\000l\000u\000n\000g\000\040\000L\000i\000s\000t\000e}{section.3.3}% 23
\BOOKMARK [2][-]{subsection.3.3.6}{\376\377\000G\000U\000I\000:\000\040\000A\000n\000z\000e\000i\000g\000e\000n\000\040\000e\000i\000n\000z\000e\000l\000n\000e\000r\000\040\000E\000l\000e\000m\000e\000n\000t\000e}{section.3.3}% 24
\BOOKMARK [2][-]{subsection.3.3.7}{\376\377\000G\000U\000I\000:\000\040\000\304\000n\000d\000e\000r\000n\000\040\000o\000d\000e\000r\000\040\000H\000i\000n\000z\000u\000f\000\374\000g\000e\000n}{section.3.3}% 25
\BOOKMARK [2][-]{subsection.3.3.8}{\376\377\000G\000U\000I\000:\000\040\000M\000e\000n\000\374}{section.3.3}% 26
\BOOKMARK [2][-]{subsection.3.3.9}{\376\377\000G\000U\000I\000:\000\040\000E\000i\000n\000s\000t\000e\000l\000l\000u\000n\000g}{section.3.3}% 27
\BOOKMARK [2][-]{subsection.3.3.10}{\376\377\000D\000a\000t\000e\000n\000b\000a\000n\000k}{section.3.3}% 28
\BOOKMARK [0][-]{chapter.4}{\376\377\000Q\000u\000a\000l\000i\000t\000\344\000t\000s\000s\000i\000c\000h\000e\000r\000u\000n\000g}{}% 29
\BOOKMARK [1][-]{section.4.1}{\376\377\000T\000e\000s\000t\000p\000l\000a\000n}{chapter.4}% 30
\BOOKMARK [1][-]{section.4.2}{\376\377\000T\000e\000s\000t\000p\000r\000o\000t\000o\000k\000o\000l\000l}{chapter.4}% 31
\BOOKMARK [0][-]{chapter.5}{\376\377\000A\000b\000s\000c\000h\000l\000u\000s\000s\000b\000e\000r\000i\000c\000h\000t}{}% 32
\BOOKMARK [1][-]{section.5.1}{\376\377\000Z\000u\000s\000a\000m\000m\000e\000n\000f\000a\000s\000s\000u\000n\000g}{chapter.5}% 33
\BOOKMARK [1][-]{section.5.2}{\376\377\000B\000e\000i\000s\000p\000i\000e\000l\000a\000n\000w\000e\000n\000d\000u\000n\000g\000e\000n}{chapter.5}% 34
\BOOKMARK [1][-]{section.5.3}{\376\377\000B\000e\000n\000u\000t\000z\000e\000r\000d\000o\000k\000u\000m\000e\000n\000t\000a\000t\000i\000o\000n}{chapter.5}% 35
\BOOKMARK [1][-]{section.5.4}{\376\377\000E\000n\000t\000w\000i\000c\000k\000l\000e\000r\000d\000o\000k\000u\000m\000e\000n\000t\000a\000t\000i\000o\000n}{chapter.5}% 36
\BOOKMARK [1][-]{section.5.5}{\376\377\000E\000r\000f\000a\000h\000r\000u\000n\000g\000s\000b\000e\000r\000i\000c\000h\000t}{chapter.5}% 37
\BOOKMARK [0][-]{section*.10}{\376\377\000L\000i\000t\000e\000r\000a\000t\000u\000r\000v\000e\000r\000z\000e\000i\000c\000h\000n\000i\000s}{}% 38
\BOOKMARK [0][-]{section*.12}{\376\377\000T\000a\000b\000e\000l\000l\000e\000n\000v\000e\000r\000z\000e\000i\000c\000h\000n\000i\000s}{}% 39
\BOOKMARK [0][-]{section*.14}{\376\377\000A\000b\000b\000i\000l\000d\000u\000n\000g\000s\000v\000e\000r\000z\000e\000i\000c\000h\000n\000i\000s}{}% 40
\BOOKMARK [0][-]{section*.16}{\376\377\000A\000b\000k\000\374\000r\000z\000u\000n\000g\000s\000v\000e\000r\000z\000e\000i\000c\000h\000n\000i\000s}{}% 41
\BOOKMARK [0][-]{section*.18}{\376\377\000L\000i\000s\000t\000i\000n\000g\000s}{}% 42
\BOOKMARK [0][-]{section*.20}{\376\377\000A\000p\000p\000e\000n\000d\000i\000x}{}% 43
\BOOKMARK [0][-]{section*.22}{\376\377\000E\000i\000d\000e\000s\000s\000t\000a\000t\000t\000l\000i\000c\000h\000e\000\040\000E\000r\000k\000l\000\344\000r\000u\000n\000g}{}% 44
