This is pdfTeX, Version 3.141592653-2.6-1.40.25 (MiKTeX 24.1) (preloaded format=pdflatex 2024.2.26)  4 MAR 2024 15:59
entering extended mode
 restricted \write18 enabled.
 %&-line parsing enabled.
**./main.tex
(main.tex
LaTeX2e <2023-11-01> patch level 1
L3 programming layer <2024-02-13>
(includes/mpreport.cls

LaTeX Warning: You have requested document class `includes/mpreport',
               but the document class provides `mpreport'.

Document Class: mpreport 2010/11/04 A variant report class
(C:\Users\johan\AppData\Local\Programs\MiKTeX\tex/latex/base\report.cls
Document Class: report 2023/05/17 v1.4n Standard LaTeX document class
(C:\Users\johan\AppData\Local\Programs\MiKTeX\tex/latex/base\size11.clo
File: size11.clo 2023/05/17 v1.4n Standard LaTeX file (size option)
)
\c@part=\count188
\c@chapter=\count189
\c@section=\count190
\c@subsection=\count191
\c@subsubsection=\count192
\c@paragraph=\count193
\c@subparagraph=\count194
\c@figure=\count195
\c@table=\count196
\abovecaptionskip=\skip48
\belowcaptionskip=\skip49
\bibindent=\dimen140
)
(C:\Users\johan\AppData\Local\Programs\MiKTeX\tex/latex/base\ifthen.sty
Package: ifthen 2022/04/13 v1.1d Standard LaTeX ifthen package (DPC)
)
(C:\Users\johan\AppData\Local\Programs\MiKTeX\tex/latex/geometry\geometry.sty
Package: geometry 2020/01/02 v5.9 Page Geometry

(C:\Users\johan\AppData\Local\Programs\MiKTeX\tex/latex/graphics\keyval.sty
Package: keyval 2022/05/29 v1.15 key=value parser (DPC)
\KV@toks@=\toks17
)
(C:\Users\johan\AppData\Local\Programs\MiKTeX\tex/generic/iftex\ifvtex.sty
Package: ifvtex 2019/10/25 v1.7 ifvtex legacy package. Use iftex instead.

(C:\Users\johan\AppData\Local\Programs\MiKTeX\tex/generic/iftex\iftex.sty
Package: iftex 2022/02/03 v1.0f TeX engine tests
))
\Gm@cnth=\count197
\Gm@cntv=\count198
\c@Gm@tempcnt=\count199
\Gm@bindingoffset=\dimen141
\Gm@wd@mp=\dimen142
\Gm@odd@mp=\dimen143
\Gm@even@mp=\dimen144
\Gm@layoutwidth=\dimen145
\Gm@layoutheight=\dimen146
\Gm@layouthoffset=\dimen147
\Gm@layoutvoffset=\dimen148
\Gm@dimlist=\toks18

(C:\Users\johan\AppData\Local\Programs\MiKTeX\tex/latex/geometry\geometry.cfg))
(C:\Users\johan\AppData\Local\Programs\MiKTeX\tex/latex/graphics\graphicx.sty
Package: graphicx 2021/09/16 v1.2d Enhanced LaTeX Graphics (DPC,SPQR)

(C:\Users\johan\AppData\Local\Programs\MiKTeX\tex/latex/graphics\graphics.sty
Package: graphics 2022/03/10 v1.4e Standard LaTeX Graphics (DPC,SPQR)

(C:\Users\johan\AppData\Local\Programs\MiKTeX\tex/latex/graphics\trig.sty
Package: trig 2021/08/11 v1.11 sin cos tan (DPC)
)
(C:\Users\johan\AppData\Local\Programs\MiKTeX\tex/latex/graphics-cfg\graphics.c
fg
File: graphics.cfg 2016/06/04 v1.11 sample graphics configuration
)
Package graphics Info: Driver file: pdftex.def on input line 107.

(C:\Users\johan\AppData\Local\Programs\MiKTeX\tex/latex/graphics-def\pdftex.def
File: pdftex.def 2022/09/22 v1.2b Graphics/color driver for pdftex
))
\Gin@req@height=\dimen149
\Gin@req@width=\dimen150
)
\mp@headht=\skip50
\mp@capht=\skip51
\mp@fnhangindent=\skip52
\mp@margwd=\skip53
\mp@fullwd=\skip54
\mp@chapnoht=\skip55
\mp@chaptlht=\skip56
\EX=\skip57
) (includes/wdok-title.sty

LaTeX Warning: You have requested package `includes/wdok-title',
               but the package provides `wdok-title'.

Package: wdok-title 2005/01/10 Title page for WDOK theses
) (C:\Users\johan\AppData\Local\Programs\MiKTeX\tex/generic/babel\babel.sty
Package: babel 2024/02/07 v24.2 The Babel package
\babel@savecnt=\count266
\U@D=\dimen151
\l@unhyphenated=\language79

(C:\Users\johan\AppData\Local\Programs\MiKTeX\tex/generic/babel\txtbabel.def)
\bbl@readstream=\read2
\bbl@dirlevel=\count267

*************************************
* Local config file bblopts.cfg used
*
(C:\Users\johan\AppData\Local\Programs\MiKTeX\tex/latex/arabi\bblopts.cfg
File: bblopts.cfg 2005/09/08 v0.1 add Arabic and Farsi to "declared" options of
 babel
)
(C:\Users\johan\AppData\Local\Programs\MiKTeX\tex/latex/babel-german\ngerman.ld
f
Language: ngerman 2024/01/19 v2.14 German support for babel (post-1996 orthogra
phy)

(C:\Users\johan\AppData\Local\Programs\MiKTeX\tex/latex/babel-german\ngermanb.l
df
Language: ngermanb 2024/01/19 v2.14 German support for babel (post-1996 orthogr
aphy)
Package babel Info: Making " an active character on input line 122.
)))
(C:\Users\johan\AppData\Local\Programs\MiKTeX\tex/generic/babel/locale/de\babel
-ngerman.tex
Package babel Info: Importing font and identification data for ngerman
(babel)             from babel-de.ini. Reported on input line 11.
)
(C:\Users\johan\AppData\Local\Programs\MiKTeX\tex/latex/base\inputenc.sty
Package: inputenc 2021/02/14 v1.3d Input encoding file
\inpenc@prehook=\toks19
\inpenc@posthook=\toks20
)
(C:\Users\johan\AppData\Local\Programs\MiKTeX\tex/latex/base\textcomp.sty
Package: textcomp 2020/02/02 v2.0n Standard LaTeX package
)
(C:\Users\johan\AppData\Local\Programs\MiKTeX\tex/latex/psnfss\mathptmx.sty
Package: mathptmx 2020/03/25 PSNFSS-v9.3 Times w/ Math, improved (SPQR, WaS) 
LaTeX Font Info:    Redeclaring symbol font `operators' on input line 28.
LaTeX Font Info:    Overwriting symbol font `operators' in version `normal'
(Font)                  OT1/cmr/m/n --> OT1/ztmcm/m/n on input line 28.
LaTeX Font Info:    Overwriting symbol font `operators' in version `bold'
(Font)                  OT1/cmr/bx/n --> OT1/ztmcm/m/n on input line 28.
LaTeX Font Info:    Redeclaring symbol font `letters' on input line 29.
LaTeX Font Info:    Overwriting symbol font `letters' in version `normal'
(Font)                  OML/cmm/m/it --> OML/ztmcm/m/it on input line 29.
LaTeX Font Info:    Overwriting symbol font `letters' in version `bold'
(Font)                  OML/cmm/b/it --> OML/ztmcm/m/it on input line 29.
LaTeX Font Info:    Redeclaring symbol font `symbols' on input line 30.
LaTeX Font Info:    Overwriting symbol font `symbols' in version `normal'
(Font)                  OMS/cmsy/m/n --> OMS/ztmcm/m/n on input line 30.
LaTeX Font Info:    Overwriting symbol font `symbols' in version `bold'
(Font)                  OMS/cmsy/b/n --> OMS/ztmcm/m/n on input line 30.
LaTeX Font Info:    Redeclaring symbol font `largesymbols' on input line 31.
LaTeX Font Info:    Overwriting symbol font `largesymbols' in version `normal'
(Font)                  OMX/cmex/m/n --> OMX/ztmcm/m/n on input line 31.
LaTeX Font Info:    Overwriting symbol font `largesymbols' in version `bold'
(Font)                  OMX/cmex/m/n --> OMX/ztmcm/m/n on input line 31.
\symbold=\mathgroup4
\symitalic=\mathgroup5
LaTeX Font Info:    Redeclaring math alphabet \mathbf on input line 34.
LaTeX Font Info:    Overwriting math alphabet `\mathbf' in version `normal'
(Font)                  OT1/cmr/bx/n --> OT1/ptm/bx/n on input line 34.
LaTeX Font Info:    Overwriting math alphabet `\mathbf' in version `bold'
(Font)                  OT1/cmr/bx/n --> OT1/ptm/bx/n on input line 34.
LaTeX Font Info:    Redeclaring math alphabet \mathit on input line 35.
LaTeX Font Info:    Overwriting math alphabet `\mathit' in version `normal'
(Font)                  OT1/cmr/m/it --> OT1/ptm/m/it on input line 35.
LaTeX Font Info:    Overwriting math alphabet `\mathit' in version `bold'
(Font)                  OT1/cmr/bx/it --> OT1/ptm/m/it on input line 35.
LaTeX Info: Redefining \hbar on input line 50.
)
(C:\Users\johan\AppData\Local\Programs\MiKTeX\tex/latex/natbib\bibentry.sty
Package: bibentry 2007/10/30 1.5 (PWD)
)
(C:\Users\johan\AppData\Local\Programs\MiKTeX\tex/latex/psnfss\helvet.sty
Package: helvet 2020/03/25 PSNFSS-v9.3 (WaS) 
)
(C:\Users\johan\AppData\Local\Programs\MiKTeX\tex/latex/psnfss\courier.sty
Package: courier 2020/03/25 PSNFSS-v9.3 (WaS) 
)
(C:\Users\johan\AppData\Local\Programs\MiKTeX\tex/latex/hyperref\hyperref.sty
Package: hyperref 2024-01-20 v7.01h Hypertext links for LaTeX

(C:\Users\johan\AppData\Local\Programs\MiKTeX\tex/latex/kvsetkeys\kvsetkeys.sty
Package: kvsetkeys 2022-10-05 v1.19 Key value parser (HO)
)
(C:\Users\johan\AppData\Local\Programs\MiKTeX\tex/generic/kvdefinekeys\kvdefine
keys.sty
Package: kvdefinekeys 2019-12-19 v1.6 Define keys (HO)
)
(C:\Users\johan\AppData\Local\Programs\MiKTeX\tex/generic/pdfescape\pdfescape.s
ty
Package: pdfescape 2019/12/09 v1.15 Implements pdfTeX's escape features (HO)

(C:\Users\johan\AppData\Local\Programs\MiKTeX\tex/generic/ltxcmds\ltxcmds.sty
Package: ltxcmds 2023-12-04 v1.26 LaTeX kernel commands for general use (HO)
)
(C:\Users\johan\AppData\Local\Programs\MiKTeX\tex/generic/pdftexcmds\pdftexcmds
.sty
Package: pdftexcmds 2020-06-27 v0.33 Utility functions of pdfTeX for LuaTeX (HO
)

(C:\Users\johan\AppData\Local\Programs\MiKTeX\tex/generic/infwarerr\infwarerr.s
ty
Package: infwarerr 2019/12/03 v1.5 Providing info/warning/error messages (HO)
)
Package pdftexcmds Info: \pdf@primitive is available.
Package pdftexcmds Info: \pdf@ifprimitive is available.
Package pdftexcmds Info: \pdfdraftmode found.
))
(C:\Users\johan\AppData\Local\Programs\MiKTeX\tex/latex/hycolor\hycolor.sty
Package: hycolor 2020-01-27 v1.10 Color options for hyperref/bookmark (HO)
)
(C:\Users\johan\AppData\Local\Programs\MiKTeX\tex/latex/auxhook\auxhook.sty
Package: auxhook 2019-12-17 v1.6 Hooks for auxiliary files (HO)
)
(C:\Users\johan\AppData\Local\Programs\MiKTeX\tex/latex/hyperref\nameref.sty
Package: nameref 2023-11-26 v2.56 Cross-referencing by name of section

(C:\Users\johan\AppData\Local\Programs\MiKTeX\tex/latex/refcount\refcount.sty
Package: refcount 2019/12/15 v3.6 Data extraction from label references (HO)
)
(C:\Users\johan\AppData\Local\Programs\MiKTeX\tex/generic/gettitlestring\gettit
lestring.sty
Package: gettitlestring 2019/12/15 v1.6 Cleanup title references (HO)

(C:\Users\johan\AppData\Local\Programs\MiKTeX\tex/latex/kvoptions\kvoptions.sty
Package: kvoptions 2022-06-15 v3.15 Key value format for package options (HO)
))
\c@section@level=\count268
)
(C:\Users\johan\AppData\Local\Programs\MiKTeX\tex/latex/etoolbox\etoolbox.sty
Package: etoolbox 2020/10/05 v2.5k e-TeX tools for LaTeX (JAW)
\etb@tempcnta=\count269
)
\@linkdim=\dimen152
\Hy@linkcounter=\count270
\Hy@pagecounter=\count271

(C:\Users\johan\AppData\Local\Programs\MiKTeX\tex/latex/hyperref\pd1enc.def
File: pd1enc.def 2024-01-20 v7.01h Hyperref: PDFDocEncoding definition (HO)
Now handling font encoding PD1 ...
... no UTF-8 mapping file for font encoding PD1
)
(C:\Users\johan\AppData\Local\Programs\MiKTeX\tex/generic/intcalc\intcalc.sty
Package: intcalc 2019/12/15 v1.3 Expandable calculations with integers (HO)
)
\Hy@SavedSpaceFactor=\count272

(C:\Users\johan\AppData\Local\Programs\MiKTeX\tex/latex/hyperref\puenc.def
File: puenc.def 2024-01-20 v7.01h Hyperref: PDF Unicode definition (HO)
Now handling font encoding PU ...
... no UTF-8 mapping file for font encoding PU
)
Package hyperref Info: Option `final' set `true' on input line 4062.
Package hyperref Info: Option `hyperfootnotes' set `false' on input line 4062.
Package hyperref Info: Option `plainpages' set `false' on input line 4062.
Package hyperref Info: Option `pdfpagelabels' set `true' on input line 4062.
Package hyperref Info: Hyper figures OFF on input line 4179.
Package hyperref Info: Link nesting OFF on input line 4184.
Package hyperref Info: Hyper index ON on input line 4187.
Package hyperref Info: Plain pages OFF on input line 4194.
Package hyperref Info: Backreferencing OFF on input line 4199.
Package hyperref Info: Implicit mode ON; LaTeX internals redefined.
Package hyperref Info: Bookmarks ON on input line 4446.
\c@Hy@tempcnt=\count273

(C:\Users\johan\AppData\Local\Programs\MiKTeX\tex/latex/url\url.sty
\Urlmuskip=\muskip16
Package: url 2013/09/16  ver 3.4  Verb mode for urls, etc.
)
LaTeX Info: Redefining \url on input line 4784.
\XeTeXLinkMargin=\dimen153

(C:\Users\johan\AppData\Local\Programs\MiKTeX\tex/generic/bitset\bitset.sty
Package: bitset 2019/12/09 v1.3 Handle bit-vector datatype (HO)

(C:\Users\johan\AppData\Local\Programs\MiKTeX\tex/generic/bigintcalc\bigintcalc
.sty
Package: bigintcalc 2019/12/15 v1.5 Expandable calculations on big integers (HO
)
))
\Fld@menulength=\count274
\Field@Width=\dimen154
\Fld@charsize=\dimen155
Package hyperref Info: Hyper figures OFF on input line 6063.
Package hyperref Info: Link nesting OFF on input line 6068.
Package hyperref Info: Hyper index ON on input line 6071.
Package hyperref Info: backreferencing OFF on input line 6078.
Package hyperref Info: Link coloring OFF on input line 6083.
Package hyperref Info: Link coloring with OCG OFF on input line 6088.
Package hyperref Info: PDF/A mode OFF on input line 6093.

(C:\Users\johan\AppData\Local\Programs\MiKTeX\tex/latex/base\atbegshi-ltx.sty
Package: atbegshi-ltx 2021/01/10 v1.0c Emulation of the original atbegshi
package with kernel methods
)
\Hy@abspage=\count275
\c@Item=\count276
)
Package hyperref Info: Driver (autodetected): hpdftex.
(C:\Users\johan\AppData\Local\Programs\MiKTeX\tex/latex/hyperref\hpdftex.def
File: hpdftex.def 2024-01-20 v7.01h Hyperref driver for pdfTeX

(C:\Users\johan\AppData\Local\Programs\MiKTeX\tex/latex/base\atveryend-ltx.sty
Package: atveryend-ltx 2020/08/19 v1.0a Emulation of the original atveryend pac
kage
with kernel methods
)
\Fld@listcount=\count277
\c@bookmark@seq@number=\count278

(C:\Users\johan\AppData\Local\Programs\MiKTeX\tex/latex/rerunfilecheck\rerunfil
echeck.sty
Package: rerunfilecheck 2022-07-10 v1.10 Rerun checks for auxiliary files (HO)

(C:\Users\johan\AppData\Local\Programs\MiKTeX\tex/generic/uniquecounter\uniquec
ounter.sty
Package: uniquecounter 2019/12/15 v1.4 Provide unlimited unique counter (HO)
)
Package uniquecounter Info: New unique counter `rerunfilecheck' on input line 2
85.
)
\Hy@SectionHShift=\skip58
)
(C:\Users\johan\AppData\Local\Programs\MiKTeX\tex/latex/base\makeidx.sty
Package: makeidx 2021/10/04 v1.0m Standard LaTeX package
)
(C:\Users\johan\AppData\Local\Programs\MiKTeX\tex/latex/listings\listings.sty
\lst@mode=\count279
\lst@gtempboxa=\box51
\lst@token=\toks21
\lst@length=\count280
\lst@currlwidth=\dimen156
\lst@column=\count281
\lst@pos=\count282
\lst@lostspace=\dimen157
\lst@width=\dimen158
\lst@newlines=\count283
\lst@lineno=\count284
\lst@maxwidth=\dimen159

(C:\Users\johan\AppData\Local\Programs\MiKTeX\tex/latex/listings\lstmisc.sty
File: lstmisc.sty 2023/02/27 1.9 (Carsten Heinz)
\c@lstnumber=\count285
\lst@skipnumbers=\count286
\lst@framebox=\box52
)
(C:\Users\johan\AppData\Local\Programs\MiKTeX\tex/latex/listings\listings.cfg
File: listings.cfg 2023/02/27 1.9 listings configuration
))
Package: listings 2023/02/27 1.9 (Carsten Heinz)
(C:\Users\johan\AppData\Local\Programs\MiKTeX\tex/latex/graphics\color.sty
Package: color 2022/01/06 v1.3d Standard LaTeX Color (DPC)

(C:\Users\johan\AppData\Local\Programs\MiKTeX\tex/latex/graphics-cfg\color.cfg
File: color.cfg 2016/01/02 v1.6 sample color configuration
)
Package color Info: Driver file: pdftex.def on input line 149.
(C:\Users\johan\AppData\Local\Programs\MiKTeX\tex/latex/graphics\mathcolor.ltx)
) (C:\Users\johan\AppData\Local\Programs\MiKTeX\tex/latex/natbib\natbib.sty
Package: natbib 2010/09/13 8.31b (PWD, AO)
\bibhang=\skip59
\bibsep=\skip60
LaTeX Info: Redefining \cite on input line 694.
\c@NAT@ctr=\count287
)
(C:\Users\johan\AppData\Local\Programs\MiKTeX\tex/latex/fancyhdr\fancyhdr.sty
Package: fancyhdr 2022/11/09 v4.1 Extensive control of page headers and footers

\f@nch@headwidth=\skip61
\f@nch@O@elh=\skip62
\f@nch@O@erh=\skip63
\f@nch@O@olh=\skip64
\f@nch@O@orh=\skip65
\f@nch@O@elf=\skip66
\f@nch@O@erf=\skip67
\f@nch@O@olf=\skip68
\f@nch@O@orf=\skip69
)
(C:\Users\johan\AppData\Local\Programs\MiKTeX\tex/latex/acronym\acronym.sty
Package: acronym 2020/04/17 v1.47 Support for acronyms (Tobias Oetiker)

(C:\Users\johan\AppData\Local\Programs\MiKTeX\tex/latex/bigfoot\suffix.sty
Package: suffix 2006/07/15 1.5a Variant command support
)
(C:\Users\johan\AppData\Local\Programs\MiKTeX\tex/latex/xstring\xstring.sty
(C:\Users\johan\AppData\Local\Programs\MiKTeX\tex/generic/xstring\xstring.tex
\xs_counta=\count288
\xs_countb=\count289
)
Package: xstring 2023/08/22 v1.86 String manipulations (CT)
) (C:\Users\johan\AppData\Local\Programs\MiKTeX\tex/latex/relsize\relsize.sty
Package: relsize 2013/03/29 ver 4.1
)
\AC@clearlist=\toks22
)
(C:\Users\johan\AppData\Local\Programs\MiKTeX\tex/latex/tools\tabularx.sty
Package: tabularx 2023/07/08 v2.11c `tabularx' package (DPC)

(C:\Users\johan\AppData\Local\Programs\MiKTeX\tex/latex/tools\array.sty
Package: array 2023/10/16 v2.5g Tabular extension package (FMi)
\col@sep=\dimen160
\ar@mcellbox=\box53
\extrarowheight=\dimen161
\NC@list=\toks23
\extratabsurround=\skip70
\backup@length=\skip71
\ar@cellbox=\box54
)
\TX@col@width=\dimen162
\TX@old@table=\dimen163
\TX@old@col=\dimen164
\TX@target=\dimen165
\TX@delta=\dimen166
\TX@cols=\count290
\TX@ftn=\toks24
)
(C:\Users\johan\AppData\Local\Programs\MiKTeX\tex/latex/ntheorem\ntheorem.sty
Style `ntheorem', Version 1.33 <2011/08/15>
Package: ntheorem 2011/08/15 1.33
\theorem@style=\toks25
\theorem@@style=\toks26
\theorembodyfont=\toks27
\theoremnumbering=\toks28
\theorempreskipamount=\skip72
\theorempostskipamount=\skip73
\theoremframepreskipamount=\skip74
\theoremframepostskipamount=\skip75
\theoreminframepreskipamount=\skip76
\theoreminframepostskipamount=\skip77
\theorem@preskip=\toks29
\theorem@postskip=\toks30
\theorem@framepreskip=\toks31
\theorem@framepostskip=\toks32
\theorem@inframepreskip=\toks33
\theorem@inframepostskip=\toks34
\theoremindent=\dimen167
\theorem@indent=\dimen168
\theoremrightindent=\dimen169
\theorem@rightindent=\dimen170
\theoremheaderfont=\toks35
\theoremseparator=\toks36
\theoremprework=\toks37
\theorempostwork=\toks38
\theoremsymbol=\toks39
\qedsymbol=\toks40
\theoremkeyword=\toks41
\qedsymbol=\toks42
\thm@topsep=\skip78
\thm@topsepadd=\skip79
) (C:\Users\johan\AppData\Local\Programs\MiKTeX\tex/latex/caption\caption.sty
Package: caption 2023/08/05 v3.6o Customizing captions (AR)

(C:\Users\johan\AppData\Local\Programs\MiKTeX\tex/latex/caption\caption3.sty
Package: caption3 2023/07/31 v2.4d caption3 kernel (AR)
\caption@tempdima=\dimen171
\captionmargin=\dimen172
\caption@leftmargin=\dimen173
\caption@rightmargin=\dimen174
\caption@width=\dimen175
\caption@indent=\dimen176
\caption@parindent=\dimen177
\caption@hangindent=\dimen178
Package caption Info: Standard document class detected.
)
\c@caption@flags=\count291
\c@continuedfloat=\count292
Package caption Info: hyperref package is loaded.
Package caption Info: listings package is loaded.
)
(C:\Users\johan\AppData\Local\Programs\MiKTeX\tex/latex/stmaryrd\stmaryrd.sty
Package: stmaryrd 1994/03/03 St Mary's Road symbol package
\symstmry=\mathgroup6
LaTeX Font Info:    Overwriting symbol font `stmry' in version `bold'
(Font)                  U/stmry/m/n --> U/stmry/b/n on input line 89.
)
(C:\Users\johan\AppData\Local\Programs\MiKTeX\tex/latex/subfig\subfig.sty
Package: subfig 2005/06/28 ver: 1.3 subfig package
\c@KVtest=\count293
\sf@farskip=\skip80
\sf@captopadj=\dimen179
\sf@capskip=\skip81
\sf@nearskip=\skip82
\c@subfigure=\count294
\c@subfigure@save=\count295
\c@lofdepth=\count296
\c@subtable=\count297
\c@subtable@save=\count298
\c@lotdepth=\count299
\sf@top=\skip83
\sf@bottom=\skip84
)
(C:\Users\johan\AppData\Local\Programs\MiKTeX\tex/latex/tools\longtable.sty
Package: longtable 2023-11-01 v4.19 Multi-page Table package (DPC)
\LTleft=\skip85
\LTright=\skip86
\LTpre=\skip87
\LTpost=\skip88
\LTchunksize=\count300
\LTcapwidth=\dimen180
\LT@head=\box55
\LT@firsthead=\box56
\LT@foot=\box57
\LT@lastfoot=\box58
\LT@gbox=\box59
\LT@cols=\count301
\LT@rows=\count302
\c@LT@tables=\count303
\c@LT@chunks=\count304
\LT@p@ftn=\toks43
)
(C:\Users\johan\AppData\Local\Programs\MiKTeX\tex/latex/tools\verbatim.sty
Package: verbatim 2023-11-06 v1.5v LaTeX2e package for verbatim enhancements
\every@verbatim=\toks44
\verbatim@line=\toks45
\verbatim@in@stream=\read3
)
(C:\Users\johan\AppData\Local\Programs\MiKTeX\tex/latex/csvsimple\csvsimple.sty
Package: csvsimple 2024/01/19 v2.6.0 LaTeX CSV file processing
)
(C:\Users\johan\AppData\Local\Programs\MiKTeX\tex/latex/csvsimple\csvsimple-leg
acy.sty
Package: csvsimple-legacy 2024/01/19 version 2.6.0 LaTeX2e CSV file processing

(C:\Users\johan\AppData\Local\Programs\MiKTeX\tex/latex/pgf/utilities\pgfrcs.st
y
(C:\Users\johan\AppData\Local\Programs\MiKTeX\tex/generic/pgf/utilities\pgfutil
-common.tex
\pgfutil@everybye=\toks46
\pgfutil@tempdima=\dimen181
\pgfutil@tempdimb=\dimen182
)
(C:\Users\johan\AppData\Local\Programs\MiKTeX\tex/generic/pgf/utilities\pgfutil
-latex.def
\pgfutil@abb=\box60
)
(C:\Users\johan\AppData\Local\Programs\MiKTeX\tex/generic/pgf/utilities\pgfrcs.
code.tex
(C:\Users\johan\AppData\Local\Programs\MiKTeX\tex/generic/pgf\pgf.revision.tex)
Package: pgfrcs 2023-01-15 v3.1.10 (3.1.10)
))
(C:\Users\johan\AppData\Local\Programs\MiKTeX\tex/latex/pgf/utilities\pgfkeys.s
ty
(C:\Users\johan\AppData\Local\Programs\MiKTeX\tex/generic/pgf/utilities\pgfkeys
.code.tex
\pgfkeys@pathtoks=\toks47
\pgfkeys@temptoks=\toks48

(C:\Users\johan\AppData\Local\Programs\MiKTeX\tex/generic/pgf/utilities\pgfkeys
libraryfiltered.code.tex
\pgfkeys@tmptoks=\toks49
)))
(C:\Users\johan\AppData\Local\Programs\MiKTeX\tex/latex/tools\shellesc.sty
Package: shellesc 2023/07/08 v1.0d unified shell escape interface for LaTeX
Package shellesc Info: Restricted shell escape enabled on input line 77.
)
\csv@file=\read4
\c@csvinputline=\count305
\c@csvrow=\count306
\c@csvcol=\count307
\csv@out=\write3
)
(C:\Users\johan\AppData\Local\Programs\MiKTeX\tex/latex/truncate\truncate.sty
Package: truncate 2001/08/20  ver 3.6
\@Trunc@RestHyph=\toks50
)
(C:\Users\johan\AppData\Local\Programs\MiKTeX\tex/latex/pdfpages\pdfpages.sty
Package: pdfpages 2024/01/21 v0.5y Insert pages of external PDF documents (AM)

(C:\Users\johan\AppData\Local\Programs\MiKTeX\tex/latex/tools\calc.sty
Package: calc 2023/07/08 v4.3 Infix arithmetic (KKT,FJ)
\calc@Acount=\count308
\calc@Bcount=\count309
\calc@Adimen=\dimen183
\calc@Bdimen=\dimen184
\calc@Askip=\skip89
\calc@Bskip=\skip90
LaTeX Info: Redefining \setlength on input line 80.
LaTeX Info: Redefining \addtolength on input line 81.
\calc@Ccount=\count310
\calc@Cskip=\skip91
)
(C:\Users\johan\AppData\Local\Programs\MiKTeX\tex/latex/eso-pic\eso-pic.sty
Package: eso-pic 2023/05/03 v3.0c eso-pic (RN)
\ESO@tempdima=\dimen185
\ESO@tempdimb=\dimen186
)
\AM@pagewidth=\dimen187
\AM@pageheight=\dimen188
\AM@fboxrule=\dimen189

(C:\Users\johan\AppData\Local\Programs\MiKTeX\tex/latex/pdfpages\pppdftex.def
File: pppdftex.def 2024/01/21 v0.5y Pdfpages driver for pdfTeX (AM)
)
\pdfpages@includegraphics@status=\count311
\AM@pagebox=\box61
\AM@global@opts=\toks51
\AM@pagecnt=\count312
\AM@toc@title=\toks52
\AM@lof@heading=\toks53
\c@AM@survey=\count313
\AM@templatesizebox=\box62
) (C:\Users\johan\AppData\Local\Programs\MiKTeX\tex/latex/ulem\ulem.sty
\UL@box=\box63
\UL@hyphenbox=\box64
\UL@skip=\skip92
\UL@hook=\toks54
\UL@height=\dimen190
\UL@pe=\count314
\UL@pixel=\dimen191
\ULC@box=\box65
Package: ulem 2019/11/18
\ULdepth=\dimen192
)
(C:\Users\johan\AppData\Local\Programs\MiKTeX\tex/latex/graphics\rotating.sty
Package: rotating 2016/08/11 v2.16d rotated objects in LaTeX
\c@r@tfl@t=\count315
\rotFPtop=\skip93
\rotFPbot=\skip94
\rot@float@box=\box66
\rot@mess@toks=\toks55
)
(includes/listings.tex)
(C:\Users\johan\AppData\Local\Programs\MiKTeX\tex/latex/listings\lstlang1.sty
File: lstlang1.sty 2023/02/27 1.9 listings language file
)
(C:\Users\johan\AppData\Local\Programs\MiKTeX\tex/latex/listings\lstlang1.sty
File: lstlang1.sty 2023/02/27 1.9 listings language file
)
(C:\Users\johan\AppData\Local\Programs\MiKTeX\tex/latex/setspace\setspace.sty
Package: setspace 2022/12/04 v6.7b set line spacing
)
LaTeX Font Info:    Trying to load font information for OT1+ptm on input line 1
12.

(C:\Users\johan\AppData\Local\Programs\MiKTeX\tex/latex/psnfss\ot1ptm.fd
File: ot1ptm.fd 2001/06/04 font definitions for OT1/ptm.
)
(C:\Users\johan\AppData\Local\Programs\MiKTeX\tex/latex/l3backend\l3backend-pdf
tex.def
File: l3backend-pdftex.def 2024-01-04 L3 backend support: PDF output (pdfTeX)
\l__color_backend_stack_int=\count316
\l__pdf_internal_box=\box67
) (main.aux (chapters/01_Planung.aux)
(chapters/02_Anforderungsanalyse.aux) (chapters/03_Entwurf.aux)
(chapters/04_Qualitätssicherung.aux) (chapters/05_Abschlussbericht.aux)
(appendix/acronyms.aux) (includes/erklaerung.aux))
\openout1 = `main.aux'.

LaTeX Font Info:    Checking defaults for OML/cmm/m/it on input line 112.
LaTeX Font Info:    ... okay on input line 112.
LaTeX Font Info:    Checking defaults for OMS/cmsy/m/n on input line 112.
LaTeX Font Info:    ... okay on input line 112.
LaTeX Font Info:    Checking defaults for OT1/cmr/m/n on input line 112.
LaTeX Font Info:    ... okay on input line 112.
LaTeX Font Info:    Checking defaults for T1/cmr/m/n on input line 112.
LaTeX Font Info:    ... okay on input line 112.
LaTeX Font Info:    Checking defaults for TS1/cmr/m/n on input line 112.
LaTeX Font Info:    ... okay on input line 112.
LaTeX Font Info:    Checking defaults for OMX/cmex/m/n on input line 112.
LaTeX Font Info:    ... okay on input line 112.
LaTeX Font Info:    Checking defaults for U/cmr/m/n on input line 112.
LaTeX Font Info:    ... okay on input line 112.
LaTeX Font Info:    Checking defaults for PD1/pdf/m/n on input line 112.
LaTeX Font Info:    ... okay on input line 112.
LaTeX Font Info:    Checking defaults for PU/pdf/m/n on input line 112.
LaTeX Font Info:    ... okay on input line 112.

*geometry* driver: auto-detecting
*geometry* detected driver: pdftex
*geometry* verbose mode - [ preamble ] result:
* driver: pdftex
* paper: a4paper
* layout: <same size as paper>
* layoutoffset:(h,v)=(0.0pt,0.0pt)
* modes: twoside 
* h-part:(L,W,R)=(71.70166pt, 418.25368pt, 107.55254pt)
* v-part:(T,H,B)=(101.40665pt, 591.5302pt, 152.11pt)
* \paperwidth=597.50787pt
* \paperheight=845.04684pt
* \textwidth=341.43176pt
* \textheight=718.29497pt
* \oddsidemargin=213.39827pt
* \evensidemargin=184.94334pt
* \topmargin=-7.86334pt
* \headheight=12.0pt
* \headsep=25.0pt
* \topskip=11.0pt
* \footskip=30.0pt
* \marginparwidth=120.92654pt
* \marginparsep=10.0pt
* \columnsep=10.0pt
* \skip\footins=10.0pt plus 4.0pt minus 2.0pt
* \hoffset=-72.26999pt
* \voffset=-46.38112pt
* \mag=1000
* \@twocolumnfalse
* \@twosidetrue
* \@mparswitchtrue
* \@reversemarginfalse
* (1in=72.27pt=25.4mm, 1cm=28.453pt)


(C:\Users\johan\AppData\Local\Programs\MiKTeX\tex/context/base/mkii\supp-pdf.mk
ii
[Loading MPS to PDF converter (version 2006.09.02).]
\scratchcounter=\count317
\scratchdimen=\dimen193
\scratchbox=\box68
\nofMPsegments=\count318
\nofMParguments=\count319
\everyMPshowfont=\toks56
\MPscratchCnt=\count320
\MPscratchDim=\dimen194
\MPnumerator=\count321
\makeMPintoPDFobject=\count322
\everyMPtoPDFconversion=\toks57
)
(C:\Users\johan\AppData\Local\Programs\MiKTeX\tex/latex/epstopdf-pkg\epstopdf-b
ase.sty
Package: epstopdf-base 2020-01-24 v2.11 Base part for package epstopdf
Package epstopdf-base Info: Redefining graphics rule for `.eps' on input line 4
85.

(C:\Users\johan\AppData\Local\Programs\MiKTeX\tex/latex/00miktex\epstopdf-sys.c
fg
File: epstopdf-sys.cfg 2021/03/18 v2.0 Configuration of epstopdf for MiKTeX
))
\big@size=\dimen195
Package hyperref Info: Link coloring OFF on input line 112.
 (main.out) (main.out)
\@outlinefile=\write4
\openout4 = `main.out'.

\c@lstlisting=\count323
Package caption Info: Begin \AtBeginDocument code.
Package caption Info: subfig package v1.3 is loaded.
Package caption Info: longtable package is loaded.

(C:\Users\johan\AppData\Local\Programs\MiKTeX\tex/latex/caption\ltcaption.sty
Package: ltcaption 2021/01/08 v1.4c longtable captions (AR)
)
Package caption Info: rotating package is loaded.
Package caption Info: End \AtBeginDocument code.

(C:\Users\johan\AppData\Local\Programs\MiKTeX\tex/latex/pdflscape\pdflscape.sty
Package: pdflscape 2022-10-27 v0.13 Display of landscape pages in PDF

(C:\Users\johan\AppData\Local\Programs\MiKTeX\tex/latex/pdflscape\pdflscape-nom
etadata.sty
Package: pdflscape-nometadata 2022-10-28 v0.13 Display of landscape pages in PD
F (HO)

(C:\Users\johan\AppData\Local\Programs\MiKTeX\tex/latex/graphics\lscape.sty
Package: lscape 2020/05/28 v3.02 Landscape Pages (DPC)
)
Package pdflscape Info: Auto-detected driver: pdftex on input line 81.
))
<includes/siegel-philipp-new.pdf, id=199, 220.825pt x 76.285pt>
File: includes/siegel-philipp-new.pdf Graphic file (type pdf)
<use includes/siegel-philipp-new.pdf>
Package pdftex.def Info: includes/siegel-philipp-new.pdf  used on input line 11
3.
(pdftex.def)             Requested size: 222.3879pt x 76.82243pt.
LaTeX Font Info:    Trying to load font information for OT1+phv on input line 1
13.

(C:\Users\johan\AppData\Local\Programs\MiKTeX\tex/latex/psnfss\ot1phv.fd
File: ot1phv.fd 2020/03/25 scalable font definitions for OT1/phv.
)
[1

{C:/Users/johan/AppData/Local/MiKTeX/fonts/map/pdftex/pdftex.map}{C:/Users/joha
n/AppData/Local/Programs/MiKTeX/fonts/enc/dvips/base/8r.enc} <./includes/siegel
-philipp-new.pdf>] [2] (main.toc
LaTeX Font Info:    Trying to load font information for OT1+ztmcm on input line
 5.

(C:\Users\johan\AppData\Local\Programs\MiKTeX\tex/latex/psnfss\ot1ztmcm.fd
File: ot1ztmcm.fd 2000/01/03 Fontinst v1.801 font definitions for OT1/ztmcm.
)
LaTeX Font Info:    Trying to load font information for OML+ztmcm on input line
 5.

(C:\Users\johan\AppData\Local\Programs\MiKTeX\tex/latex/psnfss\omlztmcm.fd
File: omlztmcm.fd 2000/01/03 Fontinst v1.801 font definitions for OML/ztmcm.
)
LaTeX Font Info:    Trying to load font information for OMS+ztmcm on input line
 5.

(C:\Users\johan\AppData\Local\Programs\MiKTeX\tex/latex/psnfss\omsztmcm.fd
File: omsztmcm.fd 2000/01/03 Fontinst v1.801 font definitions for OMS/ztmcm.
)
LaTeX Font Info:    Trying to load font information for OMX+ztmcm on input line
 5.

(C:\Users\johan\AppData\Local\Programs\MiKTeX\tex/latex/psnfss\omxztmcm.fd
File: omxztmcm.fd 2000/01/03 Fontinst v1.801 font definitions for OMX/ztmcm.
)
LaTeX Font Info:    Font shape `OT1/ptm/bx/n' in size <10.95> not available
(Font)              Font shape `OT1/ptm/b/n' tried instead on input line 5.
LaTeX Font Info:    Font shape `OT1/ptm/bx/n' in size <8> not available
(Font)              Font shape `OT1/ptm/b/n' tried instead on input line 5.
LaTeX Font Info:    Font shape `OT1/ptm/bx/n' in size <6> not available
(Font)              Font shape `OT1/ptm/b/n' tried instead on input line 5.
LaTeX Font Info:    Trying to load font information for U+stmry on input line 5
.

(C:\Users\johan\AppData\Local\Programs\MiKTeX\tex/latex/stmaryrd\ustmry.fd)
Underfull \vbox (badness 1990) has occurred while \output is active []

 [1



]
[2])
\tf@toc=\write5
\openout5 = `main.toc'.

 [3] [4

]
\openout2 = `chapters/01_Planung.aux'.

 (chapters/01_Planung.tex
LaTeX Font Info:    Trying to load font information for TS1+ptm on input line 1
8.

(C:\Users\johan\AppData\Local\Programs\MiKTeX\tex/latex/psnfss\ts1ptm.fd
File: ts1ptm.fd 2001/06/04 font definitions for TS1/ptm.
)
Overfull \hbox (1.7703pt too wide) in paragraph at lines 18--19
[]\OT1/ptm/m/n/10.95 die Fl[]ussigkeiten, die an der Cock-tail-ma-schi-ne an-ge
-schlos-sen sind (Wod-
 []


pdfTeX warning (ext4): destination with the same identifier (name{page.1}) has 
been already used, duplicate ignored
<to be read again> 
                   \relax 
l.31 \item	Z
            ugriff auf alle auch nicht verfügbaren Zutaten und Rezepte haben
[1



])
pdfTeX warning (ext4): destination with the same identifier (name{page.2}) has 
been already used, duplicate ignored
<to be read again> 
                   \relax 
l.140 \include{chapters/01_Planung}
                                    [2]
\openout2 = `chapters/02_Anforderungsanalyse.aux'.

 (chapters/02_Anforderungsanalyse.tex)
[3





]
\openout2 = `chapters/03_Entwurf.aux'.

 (chapters/03_Entwurf.tex
LaTeX Font Info:    Trying to load font information for OMS+ptm on input line 2
4.

(C:\Users\johan\AppData\Local\Programs\MiKTeX\tex/latex/psnfss\omsptm.fd
File: omsptm.fd 
)
LaTeX Font Info:    Font shape `OMS/ptm/m/n' in size <10.95> not available
(Font)              Font shape `OMS/cmsy/m/n' tried instead on input line 24.

[4





]
Underfull \vbox (badness 10000) has occurred while \output is active []

 [5]
Underfull \vbox (badness 1642) has occurred while \output is active []

 [6]
Overfull \hbox (2.35063pt too wide) in paragraph at lines 253--254
[]\OT1/ptm/m/n/10.95 Nur die Fl[]ussigkeit und das Vo-lu-men wer-den an-ge-pass
t. Die Ka-li-brie-rung bleibt
 []

[7]
Overfull \hbox (8.65761pt too wide) in paragraph at lines 317--318
[] \OT1/ptm/b/n/10.95 ca-li-bra-ti-on[]add[]weight (AD-MIN): Gef[]a^^Y ist mit 
ei-ner Men-ge Was-ser gef[]ullt 
 []


Underfull \vbox (badness 2744) has occurred while \output is active []

 [8]
Overfull \hbox (10.10295pt too wide) in paragraph at lines 375--378
[]\OT1/ptm/m/n/10.95 * \OMS/cmsy/m/n/10.95 f\OT1/ptm/m/n/10.95 "cmd: ^^Yet[]pum
p[]times", []user: 0, ^^Ylot: 1, "ti-me[]init: 1000, "ti-me[]reverse: 1000,
 []

[9]
Overfull \hbox (30.90752pt too wide) in paragraph at lines 449--450
[]\OT1/ptm/m/n/10.95 Der ak-tu-el-le Zu-stand kann im Sta-tus `state` aus-ge-le
-sen wer-den. Sie-he [Zust[]ande.md]()
 []


Overfull \hbox (12.06372pt too wide) in paragraph at lines 470--471
\OT1/ptm/m/n/10.95 kann durch-gef[]uhrt wer-den, in-dem die Pum-pe ma-nu-ell mi
t dem Be-fehl `run[]pump`
 []


Underfull \vbox (badness 10000) has occurred while \output is active []

 [10]
Overfull \hbox (3.92755pt too wide) in paragraph at lines 484--485
[]\OT1/ptm/m/n/10.95 3. An-schlie-^^Yend kann die Pum-pe mit `ca-li-bra-te[]pum
ps` ka-li-briert wer-den. Wenn
 []


Overfull \hbox (5.3177pt too wide) in paragraph at lines 492--493
\OT1/ptm/m/n/10.95 falschen Zu-stand. Am bes-ten wird der F[]ullstand mit `re-f
ill[]pump` zur[]uckgesetzt. 
 []

[11]
Overfull \hbox (17.2972pt too wide) in paragraph at lines 526--527
[]\OT1/ptm/m/n/10.95 Nachrichten sind da-bei im-mer JSON-Objekte (in UTF8-Kodie
rung), []ublicherweise
 []


Overfull \hbox (7.36636pt too wide) in paragraph at lines 552--555
\OT1/ptm/m/n/10.95 vice: 8ccbf239-1cd2-4eb7-8872-1cb76c980d14 - UUID des Na-men
s: c0605c38-
 []


Overfull \hbox (14.75807pt too wide) in paragraph at lines 558--561
\OT1/ptm/m/n/10.95 38ec-8b0f-593953973406 - UUID user: eb61e31a-f00b-335f-ad14-
d654aac8353d
 []


Overfull \hbox (2.15393pt too wide) in paragraph at lines 564--565
 \OT1/ptm/b/n/10.95 3.3.4.1.4  Status-Services[] \OT1/ptm/m/n/10.95 - UUID des 
Ser-vice: 0f7742d4-ea2d-43c1-9b98-
 []


Overfull \hbox (43.35847pt too wide) in paragraph at lines 568--569
 \OT1/ptm/b/n/10.95 3.3.4.1.5  Pum-pen[] \OT1/ptm/m/n/10.95 - UUID Cha-rac-te-r
i-stic: 1a9a598a-17ce-3fcd-be03-40a48587d04e 
 []


Underfull \vbox (badness 1158) has occurred while \output is active []

 [12]
Overfull \hbox (42.77824pt too wide) in paragraph at lines 592--593
 \OT1/ptm/b/n/10.95 3.3.4.1.7  Zu-stand[] \OT1/ptm/m/n/10.95 - UUID Cha-rac-te-
ri-stic: e9e4b3f2-fd3f-3b76-8688-088a0671843a 
 []


Overfull \hbox (40.90567pt too wide) in paragraph at lines 604--605
 \OT1/ptm/b/n/10.95 3.3.4.1.8  Re-zep-te[] \OT1/ptm/m/n/10.95 - UUID Cha-rac-te
-ri-stic: 9ede6e03-f89b-3e52-bb15-5c6c72605f6c 
 []


Overfull \hbox (41.54088pt too wide) in paragraph at lines 616--617
 \OT1/ptm/b/n/10.95 3.3.4.1.9  Cock-tail[] \OT1/ptm/m/n/10.95 - UUID Cha-rac-te
-ri-stic: 7344136f-c552-3efc-b04f-a43793f16d43 
 []


Overfull \hbox (15.44635pt too wide) in paragraph at lines 628--629
 \OT1/ptm/b/n/10.95 3.3.4.1.10  Be-nut-zer in der War-te-schlan-ge[] \OT1/ptm/m
/n/10.95 - UUID Cha-rac-te-ri-stic: 2ce478ea-
 []

[13]
Overfull \hbox (36.88739pt too wide) in paragraph at lines 658--659
 \OT1/ptm/b/n/10.95 3.3.4.1.12  Waa-ge[] \OT1/ptm/m/n/10.95 - UUID Cha-rac-te-r
i-stic: ff18f0ac-f039-4cd0-bee3-b546e3de5551 
 []


Overfull \hbox (41.25613pt too wide) in paragraph at lines 670--671
 \OT1/ptm/b/n/10.95 3.3.4.1.13  Feh-ler[] \OT1/ptm/m/n/10.95 - UUID Cha-rac-te-
ri-stic: 2e03aa0c-b25f-456a-a327-bd175771111a 
 []


Overfull \hbox (24.86313pt too wide) in paragraph at lines 683--684
\OT1/ptm/m/n/10.95 Der ak-tu-el-le Zu-stand kann im Status-Service aus-ge-le-se
n wer-den. (s. [Ser-vices.md]()) 
 []


Overfull \hbox (16.42105pt too wide) in paragraph at lines 695--701
\OT1/ptm/m/n/10.95 Es soll-te `ca-li-bra-ti-on[]add[]empty` aus-gef[]uhrt wer-d
en. - `ca-li-bra-ti-on known weight`:
 []

[14]
<Appstart.png, id=369, 764.8575pt x 503.8825pt>
File: Appstart.png Graphic file (type png)
<use Appstart.png>
Package pdftex.def Info: Appstart.png  used on input line 709.
(pdftex.def)             Requested size: 305.93758pt x 201.54942pt.

Overfull \hbox (11.30806pt too wide) in paragraph at lines 733--734
[]\OT1/ptm/m/n/10.95 Nach der Aus-wahl ei-nes der M[]oglichkeiten wer-den die B
ut-ton auf nicht verf[]ugbar
 []

[15 <./Appstart.png>]
<calibrate.png, id=376, 525.965pt x 1071.00125pt>
File: calibrate.png Graphic file (type png)
<use calibrate.png>
Package pdftex.def Info: calibrate.png  used on input line 743.
(pdftex.def)             Requested size: 341.87318pt x 696.14258pt.

Overfull \hbox (0.44142pt too wide) in paragraph at lines 743--744
[] 
 []


Underfull \vbox (badness 10000) has occurred while \output is active []

 [16]
Underfull \vbox (badness 10000) has occurred while \output is active []

 [17]
Overfull \vbox (1.86572pt too high) has occurred while \output is active []


[18 <./calibrate.png>] [19] [20] [21]
<Menu.png, id=428, 396.48125pt x 583.17876pt>
File: Menu.png Graphic file (type png)
<use Menu.png>
Package pdftex.def Info: Menu.png  used on input line 869.
(pdftex.def)             Requested size: 257.70975pt x 379.0617pt.


Package caption Warning: The option `hypcap=true' will be ignored for this
(caption)                particular \caption on input line 870.
See the caption package documentation for explanation.


Underfull \vbox (badness 3302) has occurred while \output is active []

 [22]

LaTeX Warning: No positions in optional float specifier.
               Default added (so using `tbp') on input line 873.

) [23 <./Menu.png>] [24] [25] [26] [27] [28]
\openout2 = `chapters/04_Qualitätssicherung.aux'.


(chapters/04_Qualitätssicherung.tex) [29





]
\openout2 = `chapters/05_Abschlussbericht.aux'.

 (chapters/05_Abschlussbericht.tex)
[30





] [31


] (main.bbl
pdfTeX warning (ext4): destination with the same identifier (name{page.IV}) has
 been already used, duplicate ignored
<to be read again> 
                   \relax 
l.1 \begin{thebibliography}{}
                              [4]

Package natbib Warning: Empty `thebibliography' environment on input line 3.

) [5


] (main.lot)
\tf@lot=\write6
\openout6 = `main.lot'.

 [6


] (main.lof)
\tf@lof=\write7
\openout7 = `main.lof'.

 [7


]
\openout2 = `appendix/acronyms.aux'.

 (appendix/acronyms.tex

LaTeX Warning: Hyper reference `acro:DNA' on page VIII undefined on input line 
5.


LaTeX Warning: Hyper reference `acro:DNA' on page VIII undefined on input line 
5.


LaTeX Warning: Hyper reference `acro:A' on page VIII undefined on input line 6.



LaTeX Warning: Hyper reference `acro:A' on page VIII undefined on input line 6.



LaTeX Warning: Hyper reference `acro:T' on page VIII undefined on input line 7.



LaTeX Warning: Hyper reference `acro:T' on page VIII undefined on input line 7.



LaTeX Warning: Hyper reference `acro:G' on page VIII undefined on input line 8.



LaTeX Warning: Hyper reference `acro:G' on page VIII undefined on input line 8.



LaTeX Warning: Hyper reference `acro:C' on page VIII undefined on input line 9.



LaTeX Warning: Hyper reference `acro:C' on page VIII undefined on input line 9.



LaTeX Warning: Hyper reference `acro:AT' on page VIII undefined on input line 1
0.


LaTeX Warning: Hyper reference `acro:AT' on page VIII undefined on input line 1
0.


LaTeX Warning: Hyper reference `acro:GC' on page VIII undefined on input line 1
1.


LaTeX Warning: Hyper reference `acro:GC' on page VIII undefined on input line 1
1.


LaTeX Warning: Hyper reference `acro:MESA' on page VIII undefined on input line
 12.


LaTeX Warning: Hyper reference `acro:MESA' on page VIII undefined on input line
 12.


LaTeX Warning: Hyper reference `acro:URL' on page VIII undefined on input line 
13.


LaTeX Warning: Hyper reference `acro:URL' on page VIII undefined on input line 
13.


LaTeX Warning: Hyper reference `acro:API' on page VIII undefined on input line 
14.


LaTeX Warning: Hyper reference `acro:API' on page VIII undefined on input line 
14.


LaTeX Warning: Hyper reference `acro:TIFF' on page VIII undefined on input line
 17.


LaTeX Warning: Hyper reference `acro:TIFF' on page VIII undefined on input line
 17.


LaTeX Warning: Hyper reference `acro:PNG' on page VIII undefined on input line 
18.


LaTeX Warning: Hyper reference `acro:PNG' on page VIII undefined on input line 
18.


LaTeX Warning: Hyper reference `acro:RS-Code' on page VIII undefined on input l
ine 19.


LaTeX Warning: Hyper reference `acro:RS-Code' on page VIII undefined on input l
ine 19.

) [8



] (main.lol)
\tf@lol=\write8
\openout8 = `main.lol'.

 [9




] [10


]
\openout2 = `includes/erklaerung.aux'.

 (includes/erklaerung.tex
Overfull \hbox (11.13116pt too wide) in paragraph at lines 18--18
[]|\OT1/ptm/m/n/10.95 Marburg,
 []


Underfull \hbox (badness 10000) in paragraph at lines 18--18
\OT1/ptm/m/n/10.95 den
 []


Overfull \hbox (3.8931pt too wide) in paragraph at lines 18--18
\OT1/ptm/m/n/10.95 4. M[]arz
 []

)
Underfull \hbox (badness 10000) in paragraph at lines 7--192

 []


Underfull \hbox (badness 1655) in paragraph at lines 7--192
\OT1/ptm/m/n/10.95 Ich ver-si-che-re, dass die ein-ge-reich-te schrift-li-che F
as-sung der auf dem
 []


Underfull \hbox (badness 10000) in paragraph at lines 7--192

 []


Underfull \hbox (badness 10000) in paragraph at lines 7--192

 []


Underfull \hbox (badness 10000) in paragraph at lines 7--192

 []

[11



]
\tf@thm=\write9
\openout9 = `main.thm'.

 (main.aux (chapters/01_Planung.aux) (chapters/02_Anforderungsanalyse.aux)
(chapters/03_Entwurf.aux) (chapters/04_Qualitätssicherung.aux)
(chapters/05_Abschlussbericht.aux) (appendix/acronyms.aux)
(includes/erklaerung.aux))
 ***********
LaTeX2e <2023-11-01> patch level 1
L3 programming layer <2024-02-13>
 ***********


LaTeX Warning: There were undefined references.

Package rerunfilecheck Info: File `main.out' has not changed.
(rerunfilecheck)             Checksum: DB3CDD590787594A4CF8F52B844518C4;7090.
 )
(\end occurred inside a group at level 1)

### simple group (level 1) entered at line 575 ({)
### bottom level 
Here is how much of TeX's memory you used:
 18335 strings out of 474462
 314763 string characters out of 5742883
 1951998 words of memory out of 5000000
 40067 multiletter control sequences out of 15000+600000
 586499 words of font info for 84 fonts, out of 8000000 for 9000
 1141 hyphenation exceptions out of 8191
 75i,12n,79p,867b,714s stack positions out of 10000i,1000n,20000p,200000b,200000s
<C:/Users/johan/AppData/Local/Programs/MiKTeX/fonts/type1/publi
c/amsfonts/cm/cmsy10.pfb><C:/Users/johan/AppData/Local/Programs/MiKTeX/fonts/ty
pe1/urw/helvetic/uhvb8a.pfb><C:/Users/johan/AppData/Local/Programs/MiKTeX/fonts
/type1/urw/helvetic/uhvr8a.pfb><C:/Users/johan/AppData/Local/Programs/MiKTeX/fo
nts/type1/urw/times/utmb8a.pfb><C:/Users/johan/AppData/Local/Programs/MiKTeX/fo
nts/type1/urw/times/utmr8a.pfb><C:/Users/johan/AppData/Local/Programs/MiKTeX/fo
nts/type1/urw/times/utmri8a.pfb>
Output written on main.pdf (45 pages, 290818 bytes).
PDF statistics:
 616 PDF objects out of 1000 (max. 8388607)
 180 named destinations out of 1000 (max. 500000)
 413 words of extra memory for PDF output out of 10000 (max. 10000000)

